* using log directory ‘/cloud/project/keller.pkg/keller.pkg.Rcheck’
* using R version 4.3.1 (2023-06-16)
* using platform: x86_64-pc-linux-gnu (64-bit)
* R was compiled by
    gcc (Ubuntu 9.4.0-1ubuntu1~20.04.2) 9.4.0
    GNU Fortran (Ubuntu 9.4.0-1ubuntu1~20.04.2) 9.4.0
* running under: Ubuntu 20.04.6 LTS
* using session charset: UTF-8
* using options ‘--no-manual --as-cran’
* checking for file ‘keller.pkg/DESCRIPTION’ ... OK
* this is package ‘keller.pkg’ version ‘0.1’
* package encoding: UTF-8
* checking package namespace information ... OK
* checking package dependencies ... OK
* checking if this is a source package ... OK
* checking if there is a namespace ... OK
* checking for executable files ... OK
* checking for hidden files and directories ... OK
* checking for portable file names ... OK
* checking for sufficient/correct file permissions ... OK
* checking serialization versions ... OK
* checking whether package ‘keller.pkg’ can be installed ... OK
* checking installed package size ... OK
* checking package directory ... OK
* checking for future file timestamps ... OK
* checking DESCRIPTION meta-information ... OK
* checking top-level files ... NOTE
Non-standard files/directories found at top level:
  ‘README.html’ ‘docs’
* checking for left-over files ... OK
* checking index information ... OK
* checking package subdirectories ... WARNING
Subdirectory ‘data’ contains no data sets.
* checking R files for non-ASCII characters ... OK
* checking R files for syntax errors ... OK
* checking whether the package can be loaded ... OK
* checking whether the package can be loaded with stated dependencies ... OK
* checking whether the package can be unloaded cleanly ... OK
* checking whether the namespace can be loaded with stated dependencies ... OK
* checking whether the namespace can be unloaded cleanly ... OK
* checking loading without being on the library search path ... OK
* checking dependencies in R code ... NOTE
Namespaces in Imports field not imported from:
  ‘broom’ ‘plotrix’ ‘tidyverse’
  All declared Imports should be used.
* checking S3 generic/method consistency ... OK
* checking replacement functions ... OK
* checking foreign function calls ... OK
* checking R code for possible problems ... NOTE
behavior_hist: no visible global function definition for ‘%>%’
behavior_hist: no visible global function definition for ‘ggplot’
behavior_hist: no visible global function definition for ‘aes’
behavior_hist: no visible global function definition for ‘geom_col’
linearmod: no visible global function definition for ‘%>%’
linearmod: no visible global function definition for ‘select’
linearmod: no visible global function definition for ‘quo_name’
linearmod: no visible global function definition for ‘starts_with’
linearmod: no visible global function definition for ‘lm’
linearmod: no visible binding for global variable ‘.’
non_numeric: no visible global function definition for ‘select_if’
scatter: no visible global function definition for ‘%>%’
scatter: no visible global function definition for ‘ggplot’
scatter: no visible global function definition for ‘aes’
scatter: no visible global function definition for ‘geom_point’
separate_cols: no visible global function definition for
  ‘separate_wider_delim’
stnd_e: no visible global function definition for ‘%>%’
stnd_e: no visible global function definition for ‘select’
stnd_e: no visible global function definition for ‘all_of’
stnd_e: no visible global function definition for ‘std.error’
Undefined global functions or variables:
  %>% . aes all_of geom_col geom_point ggplot lm quo_name select
  select_if separate_wider_delim starts_with std.error
Consider adding
  importFrom("stats", "lm")
to your NAMESPACE file.
* checking Rd files ... OK
* checking Rd metadata ... OK
* checking Rd line widths ... OK
* checking Rd cross-references ... OK
* checking for missing documentation entries ... OK
* checking for code/documentation mismatches ... OK
* checking Rd \usage sections ... OK
* checking Rd contents ... OK
* checking for unstated dependencies in examples ... OK
* checking contents of ‘data’ directory ... WARNING
Files not of a type allowed in a ‘data’ directory:
  ‘Kinematic_Raw_Data_R.xlsx’ ‘SICB_Analysis_R.xlsx’ ‘columns’
Please use e.g. ‘inst/extdata’ for non-R data files

* checking data for non-ASCII characters ... OK
* checking data for ASCII and uncompressed saves ... OK
* checking files in ‘vignettes’ ... WARNING
Files in the 'vignettes' directory but no files in 'inst/doc':
  ‘BehavioralAnalysisTutorial.Rmd’
Files named as vignettes but with no recognized vignette engine:
   ‘vignettes/BehavioralAnalysisTutorial.Rmd’
(Is a VignetteBuilder field missing?)
* checking examples ... NONE
* checking for non-standard things in the check directory ... OK
* checking for detritus in the temp directory ... OK
* DONE
Status: 3 WARNINGs, 3 NOTEs
